<?xml version="1.0" encoding="UTF-8"?>
<!-- Generated by org.testng.reporters.JUnitXMLReporter -->
<testsuite hostname="DESKTOP-D7B0KO9" name="Internet Exp test" tests="5" failures="0" timestamp="18 Nov 2018 16:46:23 GMT" time="0.003" errors="0">
  <testcase name="@BeforeMethod setUp" time="0.0" classname="test_fbLogin.TC1_LoginWithInvalidCredential">
    <failure type="java.lang.NullPointerException">
      <![CDATA[java.lang.NullPointerException
	at base.config.setUp(config.java:36)
... Removed 25 stack frames]]>
    </failure>
  </testcase> <!-- @BeforeMethod setUp -->
  <testcase name="@AfterMethod tearDown" time="0.0" classname="test_fbLogin.TC1_LoginWithInvalidCredential">
    <skipped/>
  </testcase> <!-- @AfterMethod tearDown -->
  <testcase name="@BeforeMethod setUp" time="0.0" classname="test_fbLogin.TC2_LoginWithInvalidPassword">
    <skipped/>
  </testcase> <!-- @BeforeMethod setUp -->
  <testcase name="@AfterMethod tearDown" time="0.0" classname="test_fbLogin.TC2_LoginWithInvalidPassword">
    <skipped/>
  </testcase> <!-- @AfterMethod tearDown -->
  <testcase name="@BeforeMethod setUp" time="0.0" classname="test_fbSignup.CreateFBAccount">
    <skipped/>
  </testcase> <!-- @BeforeMethod setUp -->
  <testcase name="@AfterMethod tearDown" time="0.0" classname="test_fbSignup.CreateFBAccount">
    <skipped/>
  </testcase> <!-- @AfterMethod tearDown -->
  <testcase name="@BeforeMethod setUp" time="0.0" classname="test_assert.AssertTesting">
    <skipped/>
  </testcase> <!-- @BeforeMethod setUp -->
  <testcase name="@AfterMethod tearDown" time="0.0" classname="test_assert.AssertTesting">
    <skipped/>
  </testcase> <!-- @AfterMethod tearDown -->
  <testcase name="@BeforeMethod setUp" time="0.0" classname="test_assert.AssertTesting">
    <skipped/>
  </testcase> <!-- @BeforeMethod setUp -->
  <testcase name="@AfterMethod tearDown" time="0.0" classname="test_assert.AssertTesting">
    <skipped/>
  </testcase> <!-- @AfterMethod tearDown -->
  <testcase name="@AfterTest closeDriver" time="0.0" classname="test_fbLogin.TC1_LoginWithInvalidCredential">
    <skipped/>
  </testcase> <!-- @AfterTest closeDriver -->
  <testcase name="test_fbLoginWithInvalidCredential" time="0.0" classname="test_fbLogin.TC1_LoginWithInvalidCredential">
    <skipped/>
  </testcase> <!-- test_fbLoginWithInvalidCredential -->
  <testcase name="test_fbLoginWithInvalidPassword" time="0.0" classname="test_fbLogin.TC2_LoginWithInvalidPassword">
    <skipped/>
  </testcase> <!-- test_fbLoginWithInvalidPassword -->
  <testcase name="verifyDropdownFuntionlity" time="0.0" classname="test_fbSignup.CreateFBAccount">
    <skipped/>
  </testcase> <!-- verifyDropdownFuntionlity -->
  <testcase name="testAssertion" time="0.0" classname="test_assert.AssertTesting">
    <skipped/>
  </testcase> <!-- testAssertion -->
  <testcase name="testSoftAssert" time="0.0" classname="test_assert.AssertTesting">
    <skipped/>
  </testcase> <!-- testSoftAssert -->
</testsuite> <!-- Internet Exp test -->
