<?xml version="1.0" encoding="UTF-8"?>
<!-- Generated by org.testng.reporters.JUnitXMLReporter -->
<testsuite hostname="DESKTOP-D7B0KO9" ignored="1" name="Default test" tests="4" failures="0" timestamp="28 Oct 2018 15:23:56 GMT" time="0.065" errors="0">
  <testcase name="skipTest" time="0.016" classname="test_PrioritySkipDisableDependsOn.TestPriority">
    <skipped/>
  </testcase> <!-- skipTest -->
  <testcase name="test_qa" time="0.003" classname="test_PrioritySkipDisableDependsOn.TestPriority"/>
  <testcase name="test1" time="0.003" classname="test_PrioritySkipDisableDependsOn.TestPriority"/>
  <testcase name="test2" time="0.002" classname="test_PrioritySkipDisableDependsOn.TestPriority"/>
  <testcase name="test4" time="0.0" classname="test_PrioritySkipDisableDependsOn.TestPriority">
    <ignored/>
  </testcase> <!-- test4 -->
</testsuite> <!-- Default test -->
