<?xml version="1.0" encoding="UTF-8"?>
<!-- Generated by org.testng.reporters.JUnitXMLReporter -->
<testsuite hostname="DESKTOP-D7B0KO9" ignored="7" name="Test" tests="1" failures="0" timestamp="04 Nov 2018 16:14:56 GMT" time="0.048" errors="0">
  <testcase name="test" time="0.014" classname="test_groupDependsOn.GroupDependsOn2"/>
  <testcase name="test1" time="0.0" classname="test_groupDependsOn.GroupDependsOn">
    <ignored/>
  </testcase> <!-- test1 -->
  <testcase name="changePass" time="0.0" classname="test_groupDependsOn.GroupDependsOn">
    <ignored/>
  </testcase> <!-- changePass -->
  <testcase name="test4" time="0.0" classname="test_groupDependsOn.GroupDependsOn">
    <ignored/>
  </testcase> <!-- test4 -->
  <testcase name="test2" time="0.0" classname="test_groupDependsOn.GroupDependsOn">
    <ignored/>
  </testcase> <!-- test2 -->
  <testcase name="test3" time="0.0" classname="test_groupDependsOn.GroupDependsOn">
    <ignored/>
  </testcase> <!-- test3 -->
  <testcase name="logInn" time="0.0" classname="test_groupDependsOn.GroupDependsOn">
    <ignored/>
  </testcase> <!-- logInn -->
  <testcase name="test" time="0.0" classname="test_groupDependsOn.GroupDependsOn">
    <ignored/>
  </testcase> <!-- test -->
</testsuite> <!-- Test -->
