<?xml version="1.0" encoding="UTF-8"?>
<testng-results skipped="7" failed="6" total="15" passed="2">
  <reporter-output>
  </reporter-output>
  <suite name="RegressionSuite" duration-ms="90800" started-at="2018-11-18T17:21:42Z" finished-at="2018-11-18T17:23:13Z">
    <groups>
    </groups>
    <test name="Chrome test" duration-ms="43029" started-at="2018-11-18T17:21:42Z" finished-at="2018-11-18T17:22:25Z">
      <class name="test_fbLogin.TC1_LoginWithInvalidCredential">
        <test-method status="PASS" signature="setUp(java.lang.String)[pri:0, instance:test_fbLogin.TC1_LoginWithInvalidCredential@7f690630]" name="setUp" is-config="true" duration-ms="7974" started-at="2018-11-18T12:21:42Z" finished-at="2018-11-18T12:21:50Z">
          <params>
            <param index="0">
              <value>
                <![CDATA[ch]]>
              </value>
            </param>
          </params>
          <reporter-output>
          </reporter-output>
        </test-method> <!-- setUp -->
        <test-method status="FAIL" signature="test_fbLoginWithInvalidCredential()[pri:0, instance:test_fbLogin.TC1_LoginWithInvalidCredential@7f690630]" name="test_fbLoginWithInvalidCredential" duration-ms="461" started-at="2018-11-18T12:21:50Z" finished-at="2018-11-18T12:21:50Z">
          <exception class="org.openqa.selenium.ElementNotVisibleException">
            <message>
              <![CDATA[element not interactable
  (Session info: chrome=70.0.3538.102)
  (Driver info: chromedriver=2.42.591088 (7b2b2dca23cca0862f674758c9a3933e685c27d5),platform=Windows NT 10.0.17134 x86_64) (WARNING: The server did not provide any stacktrace information)
Command duration or timeout: 0 milliseconds
Build info: version: '3.14.0', revision: 'aacccce0', time: '2018-08-02T20:05:20.749Z'
System info: host: 'DESKTOP-D7B0KO9', ip: '192.168.1.27', os.name: 'Windows 10', os.arch: 'amd64', os.version: '10.0', java.version: '1.8.0_172'
Driver info: org.openqa.selenium.chrome.ChromeDriver
Capabilities {acceptInsecureCerts: false, acceptSslCerts: false, applicationCacheEnabled: false, browserConnectionEnabled: false, browserName: chrome, chrome: {chromedriverVersion: 2.42.591088 (7b2b2dca23cca0..., userDataDir: C:\Users\TALENT~1\AppData\L...}, cssSelectorsEnabled: true, databaseEnabled: false, goog:chromeOptions: {debuggerAddress: localhost:51780}, handlesAlerts: true, hasTouchScreen: false, javascriptEnabled: true, locationContextEnabled: true, mobileEmulationEnabled: false, nativeEvents: true, networkConnectionEnabled: false, pageLoadStrategy: normal, platform: XP, platformName: XP, rotatable: false, setWindowRect: true, takesHeapSnapshot: true, takesScreenshot: true, unexpectedAlertBehaviour: , unhandledPromptBehavior: , version: 70.0.3538.102, webStorageEnabled: true}
Session ID: bc1501afe77e11e1b058d215c6d51c40]]>
            </message>
            <full-stacktrace>
              <![CDATA[org.openqa.selenium.ElementNotVisibleException: element not interactable
  (Session info: chrome=70.0.3538.102)
  (Driver info: chromedriver=2.42.591088 (7b2b2dca23cca0862f674758c9a3933e685c27d5),platform=Windows NT 10.0.17134 x86_64) (WARNING: The server did not provide any stacktrace information)
Command duration or timeout: 0 milliseconds
Build info: version: '3.14.0', revision: 'aacccce0', time: '2018-08-02T20:05:20.749Z'
System info: host: 'DESKTOP-D7B0KO9', ip: '192.168.1.27', os.name: 'Windows 10', os.arch: 'amd64', os.version: '10.0', java.version: '1.8.0_172'
Driver info: org.openqa.selenium.chrome.ChromeDriver
Capabilities {acceptInsecureCerts: false, acceptSslCerts: false, applicationCacheEnabled: false, browserConnectionEnabled: false, browserName: chrome, chrome: {chromedriverVersion: 2.42.591088 (7b2b2dca23cca0..., userDataDir: C:\Users\TALENT~1\AppData\L...}, cssSelectorsEnabled: true, databaseEnabled: false, goog:chromeOptions: {debuggerAddress: localhost:51780}, handlesAlerts: true, hasTouchScreen: false, javascriptEnabled: true, locationContextEnabled: true, mobileEmulationEnabled: false, nativeEvents: true, networkConnectionEnabled: false, pageLoadStrategy: normal, platform: XP, platformName: XP, rotatable: false, setWindowRect: true, takesHeapSnapshot: true, takesScreenshot: true, unexpectedAlertBehaviour: , unhandledPromptBehavior: , version: 70.0.3538.102, webStorageEnabled: true}
Session ID: bc1501afe77e11e1b058d215c6d51c40
	at sun.reflect.NativeConstructorAccessorImpl.newInstance0(Native Method)
	at sun.reflect.NativeConstructorAccessorImpl.newInstance(Unknown Source)
	at sun.reflect.DelegatingConstructorAccessorImpl.newInstance(Unknown Source)
	at java.lang.reflect.Constructor.newInstance(Unknown Source)
	at org.openqa.selenium.remote.ErrorHandler.createThrowable(ErrorHandler.java:214)
	at org.openqa.selenium.remote.ErrorHandler.throwIfResponseFailed(ErrorHandler.java:166)
	at org.openqa.selenium.remote.http.JsonHttpResponseCodec.reconstructValue(JsonHttpResponseCodec.java:40)
	at org.openqa.selenium.remote.http.AbstractHttpResponseCodec.decode(AbstractHttpResponseCodec.java:80)
	at org.openqa.selenium.remote.http.AbstractHttpResponseCodec.decode(AbstractHttpResponseCodec.java:44)
	at org.openqa.selenium.remote.HttpCommandExecutor.execute(HttpCommandExecutor.java:158)
	at org.openqa.selenium.remote.service.DriverCommandExecutor.execute(DriverCommandExecutor.java:83)
	at org.openqa.selenium.remote.RemoteWebDriver.execute(RemoteWebDriver.java:548)
	at org.openqa.selenium.remote.RemoteWebElement.execute(RemoteWebElement.java:276)
	at org.openqa.selenium.remote.RemoteWebElement.click(RemoteWebElement.java:83)
	at utils.SWDFunctions.clickByXpath(SWDFunctions.java:36)
	at test_fbLogin.TC1_LoginWithInvalidCredential.test_fbLoginWithInvalidCredential(TC1_LoginWithInvalidCredential.java:23)
	at sun.reflect.NativeMethodAccessorImpl.invoke0(Native Method)
	at sun.reflect.NativeMethodAccessorImpl.invoke(Unknown Source)
	at sun.reflect.DelegatingMethodAccessorImpl.invoke(Unknown Source)
	at java.lang.reflect.Method.invoke(Unknown Source)
	at org.testng.internal.MethodInvocationHelper.invokeMethod(MethodInvocationHelper.java:85)
	at org.testng.internal.Invoker.invokeMethod(Invoker.java:639)
	at org.testng.internal.Invoker.invokeTestMethod(Invoker.java:816)
	at org.testng.internal.Invoker.invokeTestMethods(Invoker.java:1124)
	at org.testng.internal.TestMethodWorker.invokeTestMethods(TestMethodWorker.java:125)
	at org.testng.internal.TestMethodWorker.run(TestMethodWorker.java:108)
	at org.testng.TestRunner.privateRun(TestRunner.java:774)
	at org.testng.TestRunner.run(TestRunner.java:624)
	at org.testng.SuiteRunner.runTest(SuiteRunner.java:359)
	at org.testng.SuiteRunner.runSequentially(SuiteRunner.java:354)
	at org.testng.SuiteRunner.privateRun(SuiteRunner.java:312)
	at org.testng.SuiteRunner.run(SuiteRunner.java:261)
	at org.testng.SuiteRunnerWorker.runSuite(SuiteRunnerWorker.java:52)
	at org.testng.SuiteRunnerWorker.run(SuiteRunnerWorker.java:86)
	at org.testng.TestNG.runSuitesSequentially(TestNG.java:1215)
	at org.testng.TestNG.runSuitesLocally(TestNG.java:1140)
	at org.testng.TestNG.run(TestNG.java:1048)
	at org.testng.TestNG.privateMain(TestNG.java:1355)
	at org.testng.TestNG.main(TestNG.java:1324)
]]>
            </full-stacktrace>
          </exception> <!-- org.openqa.selenium.ElementNotVisibleException -->
          <reporter-output>
          </reporter-output>
        </test-method> <!-- test_fbLoginWithInvalidCredential -->
        <test-method status="PASS" signature="tearDown()[pri:0, instance:test_fbLogin.TC1_LoginWithInvalidCredential@7f690630]" name="tearDown" is-config="true" duration-ms="2153" started-at="2018-11-18T12:21:50Z" finished-at="2018-11-18T12:21:52Z">
          <reporter-output>
          </reporter-output>
        </test-method> <!-- tearDown -->
        <test-method status="PASS" signature="closeDriver()[pri:0, instance:test_fbLogin.TC1_LoginWithInvalidCredential@7f690630]" name="closeDriver" is-config="true" duration-ms="528" started-at="2018-11-18T12:22:24Z" finished-at="2018-11-18T12:22:25Z">
          <reporter-output>
          </reporter-output>
        </test-method> <!-- closeDriver -->
      </class> <!-- test_fbLogin.TC1_LoginWithInvalidCredential -->
      <class name="test_fbLogin.TC2_LoginWithInvalidPassword">
        <test-method status="PASS" signature="setUp(java.lang.String)[pri:0, instance:test_fbLogin.TC2_LoginWithInvalidPassword@edf4efb]" name="setUp" is-config="true" duration-ms="5925" started-at="2018-11-18T12:21:52Z" finished-at="2018-11-18T12:21:58Z">
          <params>
            <param index="0">
              <value>
                <![CDATA[ch]]>
              </value>
            </param>
          </params>
          <reporter-output>
          </reporter-output>
        </test-method> <!-- setUp -->
        <test-method status="FAIL" signature="test_fbLoginWithInvalidPassword()[pri:0, instance:test_fbLogin.TC2_LoginWithInvalidPassword@edf4efb]" name="test_fbLoginWithInvalidPassword" duration-ms="499" started-at="2018-11-18T12:21:58Z" finished-at="2018-11-18T12:21:59Z">
          <exception class="org.openqa.selenium.ElementNotVisibleException">
            <message>
              <![CDATA[element not interactable
  (Session info: chrome=70.0.3538.102)
  (Driver info: chromedriver=2.42.591088 (7b2b2dca23cca0862f674758c9a3933e685c27d5),platform=Windows NT 10.0.17134 x86_64) (WARNING: The server did not provide any stacktrace information)
Command duration or timeout: 0 milliseconds
Build info: version: '3.14.0', revision: 'aacccce0', time: '2018-08-02T20:05:20.749Z'
System info: host: 'DESKTOP-D7B0KO9', ip: '192.168.1.27', os.name: 'Windows 10', os.arch: 'amd64', os.version: '10.0', java.version: '1.8.0_172'
Driver info: org.openqa.selenium.chrome.ChromeDriver
Capabilities {acceptInsecureCerts: false, acceptSslCerts: false, applicationCacheEnabled: false, browserConnectionEnabled: false, browserName: chrome, chrome: {chromedriverVersion: 2.42.591088 (7b2b2dca23cca0..., userDataDir: C:\Users\TALENT~1\AppData\L...}, cssSelectorsEnabled: true, databaseEnabled: false, goog:chromeOptions: {debuggerAddress: localhost:51827}, handlesAlerts: true, hasTouchScreen: false, javascriptEnabled: true, locationContextEnabled: true, mobileEmulationEnabled: false, nativeEvents: true, networkConnectionEnabled: false, pageLoadStrategy: normal, platform: XP, platformName: XP, rotatable: false, setWindowRect: true, takesHeapSnapshot: true, takesScreenshot: true, unexpectedAlertBehaviour: , unhandledPromptBehavior: , version: 70.0.3538.102, webStorageEnabled: true}
Session ID: f10f63f5d24248fe5b91ab1243672731]]>
            </message>
            <full-stacktrace>
              <![CDATA[org.openqa.selenium.ElementNotVisibleException: element not interactable
  (Session info: chrome=70.0.3538.102)
  (Driver info: chromedriver=2.42.591088 (7b2b2dca23cca0862f674758c9a3933e685c27d5),platform=Windows NT 10.0.17134 x86_64) (WARNING: The server did not provide any stacktrace information)
Command duration or timeout: 0 milliseconds
Build info: version: '3.14.0', revision: 'aacccce0', time: '2018-08-02T20:05:20.749Z'
System info: host: 'DESKTOP-D7B0KO9', ip: '192.168.1.27', os.name: 'Windows 10', os.arch: 'amd64', os.version: '10.0', java.version: '1.8.0_172'
Driver info: org.openqa.selenium.chrome.ChromeDriver
Capabilities {acceptInsecureCerts: false, acceptSslCerts: false, applicationCacheEnabled: false, browserConnectionEnabled: false, browserName: chrome, chrome: {chromedriverVersion: 2.42.591088 (7b2b2dca23cca0..., userDataDir: C:\Users\TALENT~1\AppData\L...}, cssSelectorsEnabled: true, databaseEnabled: false, goog:chromeOptions: {debuggerAddress: localhost:51827}, handlesAlerts: true, hasTouchScreen: false, javascriptEnabled: true, locationContextEnabled: true, mobileEmulationEnabled: false, nativeEvents: true, networkConnectionEnabled: false, pageLoadStrategy: normal, platform: XP, platformName: XP, rotatable: false, setWindowRect: true, takesHeapSnapshot: true, takesScreenshot: true, unexpectedAlertBehaviour: , unhandledPromptBehavior: , version: 70.0.3538.102, webStorageEnabled: true}
Session ID: f10f63f5d24248fe5b91ab1243672731
	at sun.reflect.NativeConstructorAccessorImpl.newInstance0(Native Method)
	at sun.reflect.NativeConstructorAccessorImpl.newInstance(Unknown Source)
	at sun.reflect.DelegatingConstructorAccessorImpl.newInstance(Unknown Source)
	at java.lang.reflect.Constructor.newInstance(Unknown Source)
	at org.openqa.selenium.remote.ErrorHandler.createThrowable(ErrorHandler.java:214)
	at org.openqa.selenium.remote.ErrorHandler.throwIfResponseFailed(ErrorHandler.java:166)
	at org.openqa.selenium.remote.http.JsonHttpResponseCodec.reconstructValue(JsonHttpResponseCodec.java:40)
	at org.openqa.selenium.remote.http.AbstractHttpResponseCodec.decode(AbstractHttpResponseCodec.java:80)
	at org.openqa.selenium.remote.http.AbstractHttpResponseCodec.decode(AbstractHttpResponseCodec.java:44)
	at org.openqa.selenium.remote.HttpCommandExecutor.execute(HttpCommandExecutor.java:158)
	at org.openqa.selenium.remote.service.DriverCommandExecutor.execute(DriverCommandExecutor.java:83)
	at org.openqa.selenium.remote.RemoteWebDriver.execute(RemoteWebDriver.java:548)
	at org.openqa.selenium.remote.RemoteWebElement.execute(RemoteWebElement.java:276)
	at org.openqa.selenium.remote.RemoteWebElement.click(RemoteWebElement.java:83)
	at utils.SWDFunctions.clickByXpath(SWDFunctions.java:36)
	at test_fbLogin.TC2_LoginWithInvalidPassword.test_fbLoginWithInvalidPassword(TC2_LoginWithInvalidPassword.java:23)
	at sun.reflect.NativeMethodAccessorImpl.invoke0(Native Method)
	at sun.reflect.NativeMethodAccessorImpl.invoke(Unknown Source)
	at sun.reflect.DelegatingMethodAccessorImpl.invoke(Unknown Source)
	at java.lang.reflect.Method.invoke(Unknown Source)
	at org.testng.internal.MethodInvocationHelper.invokeMethod(MethodInvocationHelper.java:85)
	at org.testng.internal.Invoker.invokeMethod(Invoker.java:639)
	at org.testng.internal.Invoker.invokeTestMethod(Invoker.java:816)
	at org.testng.internal.Invoker.invokeTestMethods(Invoker.java:1124)
	at org.testng.internal.TestMethodWorker.invokeTestMethods(TestMethodWorker.java:125)
	at org.testng.internal.TestMethodWorker.run(TestMethodWorker.java:108)
	at org.testng.TestRunner.privateRun(TestRunner.java:774)
	at org.testng.TestRunner.run(TestRunner.java:624)
	at org.testng.SuiteRunner.runTest(SuiteRunner.java:359)
	at org.testng.SuiteRunner.runSequentially(SuiteRunner.java:354)
	at org.testng.SuiteRunner.privateRun(SuiteRunner.java:312)
	at org.testng.SuiteRunner.run(SuiteRunner.java:261)
	at org.testng.SuiteRunnerWorker.runSuite(SuiteRunnerWorker.java:52)
	at org.testng.SuiteRunnerWorker.run(SuiteRunnerWorker.java:86)
	at org.testng.TestNG.runSuitesSequentially(TestNG.java:1215)
	at org.testng.TestNG.runSuitesLocally(TestNG.java:1140)
	at org.testng.TestNG.run(TestNG.java:1048)
	at org.testng.TestNG.privateMain(TestNG.java:1355)
	at org.testng.TestNG.main(TestNG.java:1324)
]]>
            </full-stacktrace>
          </exception> <!-- org.openqa.selenium.ElementNotVisibleException -->
          <reporter-output>
          </reporter-output>
        </test-method> <!-- test_fbLoginWithInvalidPassword -->
        <test-method status="PASS" signature="tearDown()[pri:0, instance:test_fbLogin.TC2_LoginWithInvalidPassword@edf4efb]" name="tearDown" is-config="true" duration-ms="2136" started-at="2018-11-18T12:21:59Z" finished-at="2018-11-18T12:22:01Z">
          <reporter-output>
          </reporter-output>
        </test-method> <!-- tearDown -->
      </class> <!-- test_fbLogin.TC2_LoginWithInvalidPassword -->
      <class name="test_fbSignup.CreateFBAccount">
        <test-method status="PASS" signature="setUp(java.lang.String)[pri:0, instance:test_fbSignup.CreateFBAccount@2f7a2457]" name="setUp" is-config="true" duration-ms="4714" started-at="2018-11-18T12:22:01Z" finished-at="2018-11-18T12:22:06Z">
          <params>
            <param index="0">
              <value>
                <![CDATA[ch]]>
              </value>
            </param>
          </params>
          <reporter-output>
          </reporter-output>
        </test-method> <!-- setUp -->
        <test-method status="FAIL" signature="verifyDropdownFuntionlity()[pri:0, instance:test_fbSignup.CreateFBAccount@2f7a2457]" name="verifyDropdownFuntionlity" duration-ms="475" started-at="2018-11-18T12:22:06Z" finished-at="2018-11-18T12:22:06Z">
          <exception class="org.openqa.selenium.NoSuchElementException">
            <message>
              <![CDATA[no such element: Unable to locate element: {"method":"id","selector":""}
  (Session info: chrome=70.0.3538.102)
  (Driver info: chromedriver=2.42.591088 (7b2b2dca23cca0862f674758c9a3933e685c27d5),platform=Windows NT 10.0.17134 x86_64) (WARNING: The server did not provide any stacktrace information)
Command duration or timeout: 0 milliseconds
For documentation on this error, please visit: http://seleniumhq.org/exceptions/no_such_element.html
Build info: version: '3.14.0', revision: 'aacccce0', time: '2018-08-02T20:05:20.749Z'
System info: host: 'DESKTOP-D7B0KO9', ip: '192.168.1.27', os.name: 'Windows 10', os.arch: 'amd64', os.version: '10.0', java.version: '1.8.0_172'
Driver info: org.openqa.selenium.chrome.ChromeDriver
Capabilities {acceptInsecureCerts: false, acceptSslCerts: false, applicationCacheEnabled: false, browserConnectionEnabled: false, browserName: chrome, chrome: {chromedriverVersion: 2.42.591088 (7b2b2dca23cca0..., userDataDir: C:\Users\TALENT~1\AppData\L...}, cssSelectorsEnabled: true, databaseEnabled: false, goog:chromeOptions: {debuggerAddress: localhost:51870}, handlesAlerts: true, hasTouchScreen: false, javascriptEnabled: true, locationContextEnabled: true, mobileEmulationEnabled: false, nativeEvents: true, networkConnectionEnabled: false, pageLoadStrategy: normal, platform: XP, platformName: XP, rotatable: false, setWindowRect: true, takesHeapSnapshot: true, takesScreenshot: true, unexpectedAlertBehaviour: , unhandledPromptBehavior: , version: 70.0.3538.102, webStorageEnabled: true}
Session ID: 77565eab0ff464e5488173bf72583d4c
*** Element info: {Using=id, value=}]]>
            </message>
            <full-stacktrace>
              <![CDATA[org.openqa.selenium.NoSuchElementException: no such element: Unable to locate element: {"method":"id","selector":""}
  (Session info: chrome=70.0.3538.102)
  (Driver info: chromedriver=2.42.591088 (7b2b2dca23cca0862f674758c9a3933e685c27d5),platform=Windows NT 10.0.17134 x86_64) (WARNING: The server did not provide any stacktrace information)
Command duration or timeout: 0 milliseconds
For documentation on this error, please visit: http://seleniumhq.org/exceptions/no_such_element.html
Build info: version: '3.14.0', revision: 'aacccce0', time: '2018-08-02T20:05:20.749Z'
System info: host: 'DESKTOP-D7B0KO9', ip: '192.168.1.27', os.name: 'Windows 10', os.arch: 'amd64', os.version: '10.0', java.version: '1.8.0_172'
Driver info: org.openqa.selenium.chrome.ChromeDriver
Capabilities {acceptInsecureCerts: false, acceptSslCerts: false, applicationCacheEnabled: false, browserConnectionEnabled: false, browserName: chrome, chrome: {chromedriverVersion: 2.42.591088 (7b2b2dca23cca0..., userDataDir: C:\Users\TALENT~1\AppData\L...}, cssSelectorsEnabled: true, databaseEnabled: false, goog:chromeOptions: {debuggerAddress: localhost:51870}, handlesAlerts: true, hasTouchScreen: false, javascriptEnabled: true, locationContextEnabled: true, mobileEmulationEnabled: false, nativeEvents: true, networkConnectionEnabled: false, pageLoadStrategy: normal, platform: XP, platformName: XP, rotatable: false, setWindowRect: true, takesHeapSnapshot: true, takesScreenshot: true, unexpectedAlertBehaviour: , unhandledPromptBehavior: , version: 70.0.3538.102, webStorageEnabled: true}
Session ID: 77565eab0ff464e5488173bf72583d4c
*** Element info: {Using=id, value=}
	at sun.reflect.NativeConstructorAccessorImpl.newInstance0(Native Method)
	at sun.reflect.NativeConstructorAccessorImpl.newInstance(Unknown Source)
	at sun.reflect.DelegatingConstructorAccessorImpl.newInstance(Unknown Source)
	at java.lang.reflect.Constructor.newInstance(Unknown Source)
	at org.openqa.selenium.remote.ErrorHandler.createThrowable(ErrorHandler.java:214)
	at org.openqa.selenium.remote.ErrorHandler.throwIfResponseFailed(ErrorHandler.java:166)
	at org.openqa.selenium.remote.http.JsonHttpResponseCodec.reconstructValue(JsonHttpResponseCodec.java:40)
	at org.openqa.selenium.remote.http.AbstractHttpResponseCodec.decode(AbstractHttpResponseCodec.java:80)
	at org.openqa.selenium.remote.http.AbstractHttpResponseCodec.decode(AbstractHttpResponseCodec.java:44)
	at org.openqa.selenium.remote.HttpCommandExecutor.execute(HttpCommandExecutor.java:158)
	at org.openqa.selenium.remote.service.DriverCommandExecutor.execute(DriverCommandExecutor.java:83)
	at org.openqa.selenium.remote.RemoteWebDriver.execute(RemoteWebDriver.java:548)
	at org.openqa.selenium.remote.RemoteWebDriver.findElement(RemoteWebDriver.java:322)
	at org.openqa.selenium.remote.RemoteWebDriver.findElementById(RemoteWebDriver.java:368)
	at org.openqa.selenium.By$ById.findElement(By.java:188)
	at org.openqa.selenium.remote.RemoteWebDriver.findElement(RemoteWebDriver.java:314)
	at utils.SWDFunctions.dropDownByIdUsingValue(SWDFunctions.java:47)
	at test_fbSignup.CreateFBAccount.verifyDropdownFuntionlity(CreateFBAccount.java:12)
	at sun.reflect.NativeMethodAccessorImpl.invoke0(Native Method)
	at sun.reflect.NativeMethodAccessorImpl.invoke(Unknown Source)
	at sun.reflect.DelegatingMethodAccessorImpl.invoke(Unknown Source)
	at java.lang.reflect.Method.invoke(Unknown Source)
	at org.testng.internal.MethodInvocationHelper.invokeMethod(MethodInvocationHelper.java:85)
	at org.testng.internal.Invoker.invokeMethod(Invoker.java:639)
	at org.testng.internal.Invoker.invokeTestMethod(Invoker.java:816)
	at org.testng.internal.Invoker.invokeTestMethods(Invoker.java:1124)
	at org.testng.internal.TestMethodWorker.invokeTestMethods(TestMethodWorker.java:125)
	at org.testng.internal.TestMethodWorker.run(TestMethodWorker.java:108)
	at org.testng.TestRunner.privateRun(TestRunner.java:774)
	at org.testng.TestRunner.run(TestRunner.java:624)
	at org.testng.SuiteRunner.runTest(SuiteRunner.java:359)
	at org.testng.SuiteRunner.runSequentially(SuiteRunner.java:354)
	at org.testng.SuiteRunner.privateRun(SuiteRunner.java:312)
	at org.testng.SuiteRunner.run(SuiteRunner.java:261)
	at org.testng.SuiteRunnerWorker.runSuite(SuiteRunnerWorker.java:52)
	at org.testng.SuiteRunnerWorker.run(SuiteRunnerWorker.java:86)
	at org.testng.TestNG.runSuitesSequentially(TestNG.java:1215)
	at org.testng.TestNG.runSuitesLocally(TestNG.java:1140)
	at org.testng.TestNG.run(TestNG.java:1048)
	at org.testng.TestNG.privateMain(TestNG.java:1355)
	at org.testng.TestNG.main(TestNG.java:1324)
]]>
            </full-stacktrace>
          </exception> <!-- org.openqa.selenium.NoSuchElementException -->
          <reporter-output>
          </reporter-output>
        </test-method> <!-- verifyDropdownFuntionlity -->
        <test-method status="PASS" signature="tearDown()[pri:0, instance:test_fbSignup.CreateFBAccount@2f7a2457]" name="tearDown" is-config="true" duration-ms="2113" started-at="2018-11-18T12:22:06Z" finished-at="2018-11-18T12:22:08Z">
          <reporter-output>
          </reporter-output>
        </test-method> <!-- tearDown -->
      </class> <!-- test_fbSignup.CreateFBAccount -->
      <class name="test_assert.AssertTesting">
        <test-method status="PASS" signature="setUp(java.lang.String)[pri:0, instance:test_assert.AssertTesting@566776ad]" name="setUp" is-config="true" duration-ms="6170" started-at="2018-11-18T12:22:08Z" finished-at="2018-11-18T12:22:14Z">
          <params>
            <param index="0">
              <value>
                <![CDATA[ch]]>
              </value>
            </param>
          </params>
          <reporter-output>
          </reporter-output>
        </test-method> <!-- setUp -->
        <test-method status="PASS" signature="testAssertion()[pri:0, instance:test_assert.AssertTesting@566776ad]" name="testAssertion" duration-ms="68" started-at="2018-11-18T12:22:14Z" finished-at="2018-11-18T12:22:14Z">
          <reporter-output>
          </reporter-output>
        </test-method> <!-- testAssertion -->
        <test-method status="PASS" signature="tearDown()[pri:0, instance:test_assert.AssertTesting@566776ad]" name="tearDown" is-config="true" duration-ms="2120" started-at="2018-11-18T12:22:14Z" finished-at="2018-11-18T12:22:17Z">
          <reporter-output>
          </reporter-output>
        </test-method> <!-- tearDown -->
        <test-method status="PASS" signature="setUp(java.lang.String)[pri:0, instance:test_assert.AssertTesting@566776ad]" name="setUp" is-config="true" duration-ms="4958" started-at="2018-11-18T12:22:17Z" finished-at="2018-11-18T12:22:22Z">
          <params>
            <param index="0">
              <value>
                <![CDATA[ch]]>
              </value>
            </param>
          </params>
          <reporter-output>
          </reporter-output>
        </test-method> <!-- setUp -->
        <test-method status="SKIP" signature="testSoftAssert()[pri:0, instance:test_assert.AssertTesting@566776ad]" name="testSoftAssert" duration-ms="536" started-at="2018-11-18T12:22:22Z" finished-at="2018-11-18T12:22:22Z">
          <exception class="org.testng.SkipException">
            <message>
              <![CDATA[Skipping it becuase this test case no longer needed: JIRA-1233]]>
            </message>
            <full-stacktrace>
              <![CDATA[org.testng.SkipException: Skipping it becuase this test case no longer needed: JIRA-1233
	at test_assert.AssertTesting.testSoftAssert(AssertTesting.java:46)
	at sun.reflect.NativeMethodAccessorImpl.invoke0(Native Method)
	at sun.reflect.NativeMethodAccessorImpl.invoke(Unknown Source)
	at sun.reflect.DelegatingMethodAccessorImpl.invoke(Unknown Source)
	at java.lang.reflect.Method.invoke(Unknown Source)
	at org.testng.internal.MethodInvocationHelper.invokeMethod(MethodInvocationHelper.java:85)
	at org.testng.internal.Invoker.invokeMethod(Invoker.java:639)
	at org.testng.internal.Invoker.invokeTestMethod(Invoker.java:816)
	at org.testng.internal.Invoker.invokeTestMethods(Invoker.java:1124)
	at org.testng.internal.TestMethodWorker.invokeTestMethods(TestMethodWorker.java:125)
	at org.testng.internal.TestMethodWorker.run(TestMethodWorker.java:108)
	at org.testng.TestRunner.privateRun(TestRunner.java:774)
	at org.testng.TestRunner.run(TestRunner.java:624)
	at org.testng.SuiteRunner.runTest(SuiteRunner.java:359)
	at org.testng.SuiteRunner.runSequentially(SuiteRunner.java:354)
	at org.testng.SuiteRunner.privateRun(SuiteRunner.java:312)
	at org.testng.SuiteRunner.run(SuiteRunner.java:261)
	at org.testng.SuiteRunnerWorker.runSuite(SuiteRunnerWorker.java:52)
	at org.testng.SuiteRunnerWorker.run(SuiteRunnerWorker.java:86)
	at org.testng.TestNG.runSuitesSequentially(TestNG.java:1215)
	at org.testng.TestNG.runSuitesLocally(TestNG.java:1140)
	at org.testng.TestNG.run(TestNG.java:1048)
	at org.testng.TestNG.privateMain(TestNG.java:1355)
	at org.testng.TestNG.main(TestNG.java:1324)
]]>
            </full-stacktrace>
          </exception> <!-- org.testng.SkipException -->
          <reporter-output>
          </reporter-output>
        </test-method> <!-- testSoftAssert -->
        <test-method status="PASS" signature="tearDown()[pri:0, instance:test_assert.AssertTesting@566776ad]" name="tearDown" is-config="true" duration-ms="2174" started-at="2018-11-18T12:22:22Z" finished-at="2018-11-18T12:22:24Z">
          <reporter-output>
          </reporter-output>
        </test-method> <!-- tearDown -->
      </class> <!-- test_assert.AssertTesting -->
    </test> <!-- Chrome test -->
    <test name="Firefox test" duration-ms="47594" started-at="2018-11-18T17:22:25Z" finished-at="2018-11-18T17:23:12Z">
      <class name="test_fbLogin.TC1_LoginWithInvalidCredential">
        <test-method status="PASS" signature="setUp(java.lang.String)[pri:0, instance:test_fbLogin.TC1_LoginWithInvalidCredential@dfd3711]" name="setUp" is-config="true" duration-ms="7062" started-at="2018-11-18T12:22:25Z" finished-at="2018-11-18T12:22:32Z">
          <params>
            <param index="0">
              <value>
                <![CDATA[ff]]>
              </value>
            </param>
          </params>
          <reporter-output>
          </reporter-output>
        </test-method> <!-- setUp -->
        <test-method status="FAIL" signature="test_fbLoginWithInvalidCredential()[pri:0, instance:test_fbLogin.TC1_LoginWithInvalidCredential@dfd3711]" name="test_fbLoginWithInvalidCredential" duration-ms="580" started-at="2018-11-18T12:22:32Z" finished-at="2018-11-18T12:22:32Z">
          <exception class="org.openqa.selenium.ElementNotInteractableException">
            <message>
              <![CDATA[Element <input id="u_0_3" name="timezone" type="hidden"> could not be scrolled into view
Build info: version: '3.14.0', revision: 'aacccce0', time: '2018-08-02T20:05:20.749Z'
System info: host: 'DESKTOP-D7B0KO9', ip: '192.168.1.27', os.name: 'Windows 10', os.arch: 'amd64', os.version: '10.0', java.version: '1.8.0_172'
Driver info: org.openqa.selenium.firefox.FirefoxDriver
Capabilities {acceptInsecureCerts: true, browserName: firefox, browserVersion: 63.0.3, javascriptEnabled: true, moz:accessibilityChecks: false, moz:geckodriverVersion: 0.23.0, moz:headless: false, moz:processID: 5116, moz:profile: C:\Users\talentTEK\AppData\..., moz:useNonSpecCompliantPointerOrigin: false, moz:webdriverClick: true, pageLoadStrategy: normal, platform: WINDOWS, platformName: WINDOWS, platformVersion: 10.0, rotatable: false, setWindowRect: true, timeouts: {implicit: 0, pageLoad: 300000, script: 30000}, unhandledPromptBehavior: dismiss and notify}
Session ID: 429747eb-43ec-4a9e-af26-48d910c0b135]]>
            </message>
            <full-stacktrace>
              <![CDATA[org.openqa.selenium.ElementNotInteractableException: Element <input id="u_0_3" name="timezone" type="hidden"> could not be scrolled into view
Build info: version: '3.14.0', revision: 'aacccce0', time: '2018-08-02T20:05:20.749Z'
System info: host: 'DESKTOP-D7B0KO9', ip: '192.168.1.27', os.name: 'Windows 10', os.arch: 'amd64', os.version: '10.0', java.version: '1.8.0_172'
Driver info: org.openqa.selenium.firefox.FirefoxDriver
Capabilities {acceptInsecureCerts: true, browserName: firefox, browserVersion: 63.0.3, javascriptEnabled: true, moz:accessibilityChecks: false, moz:geckodriverVersion: 0.23.0, moz:headless: false, moz:processID: 5116, moz:profile: C:\Users\talentTEK\AppData\..., moz:useNonSpecCompliantPointerOrigin: false, moz:webdriverClick: true, pageLoadStrategy: normal, platform: WINDOWS, platformName: WINDOWS, platformVersion: 10.0, rotatable: false, setWindowRect: true, timeouts: {implicit: 0, pageLoad: 300000, script: 30000}, unhandledPromptBehavior: dismiss and notify}
Session ID: 429747eb-43ec-4a9e-af26-48d910c0b135
	at sun.reflect.NativeConstructorAccessorImpl.newInstance0(Native Method)
	at sun.reflect.NativeConstructorAccessorImpl.newInstance(Unknown Source)
	at sun.reflect.DelegatingConstructorAccessorImpl.newInstance(Unknown Source)
	at java.lang.reflect.Constructor.newInstance(Unknown Source)
	at org.openqa.selenium.remote.http.W3CHttpResponseCodec.createException(W3CHttpResponseCodec.java:187)
	at org.openqa.selenium.remote.http.W3CHttpResponseCodec.decode(W3CHttpResponseCodec.java:122)
	at org.openqa.selenium.remote.http.W3CHttpResponseCodec.decode(W3CHttpResponseCodec.java:49)
	at org.openqa.selenium.remote.HttpCommandExecutor.execute(HttpCommandExecutor.java:158)
	at org.openqa.selenium.remote.service.DriverCommandExecutor.execute(DriverCommandExecutor.java:83)
	at org.openqa.selenium.remote.RemoteWebDriver.execute(RemoteWebDriver.java:548)
	at org.openqa.selenium.remote.RemoteWebElement.execute(RemoteWebElement.java:276)
	at org.openqa.selenium.remote.RemoteWebElement.click(RemoteWebElement.java:83)
	at utils.SWDFunctions.clickByXpath(SWDFunctions.java:36)
	at test_fbLogin.TC1_LoginWithInvalidCredential.test_fbLoginWithInvalidCredential(TC1_LoginWithInvalidCredential.java:23)
	at sun.reflect.NativeMethodAccessorImpl.invoke0(Native Method)
	at sun.reflect.NativeMethodAccessorImpl.invoke(Unknown Source)
	at sun.reflect.DelegatingMethodAccessorImpl.invoke(Unknown Source)
	at java.lang.reflect.Method.invoke(Unknown Source)
	at org.testng.internal.MethodInvocationHelper.invokeMethod(MethodInvocationHelper.java:85)
	at org.testng.internal.Invoker.invokeMethod(Invoker.java:639)
	at org.testng.internal.Invoker.invokeTestMethod(Invoker.java:816)
	at org.testng.internal.Invoker.invokeTestMethods(Invoker.java:1124)
	at org.testng.internal.TestMethodWorker.invokeTestMethods(TestMethodWorker.java:125)
	at org.testng.internal.TestMethodWorker.run(TestMethodWorker.java:108)
	at org.testng.TestRunner.privateRun(TestRunner.java:774)
	at org.testng.TestRunner.run(TestRunner.java:624)
	at org.testng.SuiteRunner.runTest(SuiteRunner.java:359)
	at org.testng.SuiteRunner.runSequentially(SuiteRunner.java:354)
	at org.testng.SuiteRunner.privateRun(SuiteRunner.java:312)
	at org.testng.SuiteRunner.run(SuiteRunner.java:261)
	at org.testng.SuiteRunnerWorker.runSuite(SuiteRunnerWorker.java:52)
	at org.testng.SuiteRunnerWorker.run(SuiteRunnerWorker.java:86)
	at org.testng.TestNG.runSuitesSequentially(TestNG.java:1215)
	at org.testng.TestNG.runSuitesLocally(TestNG.java:1140)
	at org.testng.TestNG.run(TestNG.java:1048)
	at org.testng.TestNG.privateMain(TestNG.java:1355)
	at org.testng.TestNG.main(TestNG.java:1324)
]]>
            </full-stacktrace>
          </exception> <!-- org.openqa.selenium.ElementNotInteractableException -->
          <reporter-output>
          </reporter-output>
        </test-method> <!-- test_fbLoginWithInvalidCredential -->
        <test-method status="PASS" signature="tearDown()[pri:0, instance:test_fbLogin.TC1_LoginWithInvalidCredential@dfd3711]" name="tearDown" is-config="true" duration-ms="1309" started-at="2018-11-18T12:22:32Z" finished-at="2018-11-18T12:22:34Z">
          <reporter-output>
          </reporter-output>
        </test-method> <!-- tearDown -->
        <test-method status="FAIL" signature="closeDriver()[pri:0, instance:test_fbLogin.TC1_LoginWithInvalidCredential@dfd3711]" name="closeDriver" is-config="true" duration-ms="0" started-at="2018-11-18T12:23:12Z" finished-at="2018-11-18T12:23:12Z">
          <exception class="org.openqa.selenium.NoSuchSessionException">
            <message>
              <![CDATA[Tried to run command without establishing a connection
Build info: version: '3.14.0', revision: 'aacccce0', time: '2018-08-02T20:05:20.749Z'
System info: host: 'DESKTOP-D7B0KO9', ip: '192.168.1.27', os.name: 'Windows 10', os.arch: 'amd64', os.version: '10.0', java.version: '1.8.0_172'
Driver info: org.openqa.selenium.firefox.FirefoxDriver
Capabilities {acceptInsecureCerts: true, browserName: firefox, browserVersion: 63.0.3, javascriptEnabled: true, moz:accessibilityChecks: false, moz:geckodriverVersion: 0.23.0, moz:headless: false, moz:processID: 5116, moz:profile: C:\Users\talentTEK\AppData\..., moz:useNonSpecCompliantPointerOrigin: false, moz:webdriverClick: true, pageLoadStrategy: normal, platform: WINDOWS, platformName: WINDOWS, platformVersion: 10.0, rotatable: false, setWindowRect: true, timeouts: {implicit: 0, pageLoad: 300000, script: 30000}, unhandledPromptBehavior: dismiss and notify}
Session ID: 429747eb-43ec-4a9e-af26-48d910c0b135]]>
            </message>
            <full-stacktrace>
              <![CDATA[org.openqa.selenium.NoSuchSessionException: Tried to run command without establishing a connection
Build info: version: '3.14.0', revision: 'aacccce0', time: '2018-08-02T20:05:20.749Z'
System info: host: 'DESKTOP-D7B0KO9', ip: '192.168.1.27', os.name: 'Windows 10', os.arch: 'amd64', os.version: '10.0', java.version: '1.8.0_172'
Driver info: org.openqa.selenium.firefox.FirefoxDriver
Capabilities {acceptInsecureCerts: true, browserName: firefox, browserVersion: 63.0.3, javascriptEnabled: true, moz:accessibilityChecks: false, moz:geckodriverVersion: 0.23.0, moz:headless: false, moz:processID: 5116, moz:profile: C:\Users\talentTEK\AppData\..., moz:useNonSpecCompliantPointerOrigin: false, moz:webdriverClick: true, pageLoadStrategy: normal, platform: WINDOWS, platformName: WINDOWS, platformVersion: 10.0, rotatable: false, setWindowRect: true, timeouts: {implicit: 0, pageLoad: 300000, script: 30000}, unhandledPromptBehavior: dismiss and notify}
Session ID: 429747eb-43ec-4a9e-af26-48d910c0b135
	at sun.reflect.NativeConstructorAccessorImpl.newInstance0(Native Method)
	at sun.reflect.NativeConstructorAccessorImpl.newInstance(Unknown Source)
	at sun.reflect.DelegatingConstructorAccessorImpl.newInstance(Unknown Source)
	at java.lang.reflect.Constructor.newInstance(Unknown Source)
	at org.openqa.selenium.remote.http.W3CHttpResponseCodec.createException(W3CHttpResponseCodec.java:187)
	at org.openqa.selenium.remote.http.W3CHttpResponseCodec.decode(W3CHttpResponseCodec.java:122)
	at org.openqa.selenium.remote.http.W3CHttpResponseCodec.decode(W3CHttpResponseCodec.java:49)
	at org.openqa.selenium.remote.HttpCommandExecutor.execute(HttpCommandExecutor.java:158)
	at org.openqa.selenium.remote.service.DriverCommandExecutor.execute(DriverCommandExecutor.java:83)
	at org.openqa.selenium.remote.RemoteWebDriver.execute(RemoteWebDriver.java:548)
	at org.openqa.selenium.remote.RemoteWebDriver.execute(RemoteWebDriver.java:605)
	at org.openqa.selenium.remote.RemoteWebDriver.quit(RemoteWebDriver.java:448)
	at base.config.closeDriver(config.java:50)
	at sun.reflect.NativeMethodAccessorImpl.invoke0(Native Method)
	at sun.reflect.NativeMethodAccessorImpl.invoke(Unknown Source)
	at sun.reflect.DelegatingMethodAccessorImpl.invoke(Unknown Source)
	at java.lang.reflect.Method.invoke(Unknown Source)
	at org.testng.internal.MethodInvocationHelper.invokeMethod(MethodInvocationHelper.java:85)
	at org.testng.internal.Invoker.invokeConfigurationMethod(Invoker.java:510)
	at org.testng.internal.Invoker.invokeConfigurations(Invoker.java:211)
	at org.testng.internal.Invoker.invokeConfigurations(Invoker.java:138)
	at org.testng.TestRunner.afterRun(TestRunner.java:1023)
	at org.testng.TestRunner.run(TestRunner.java:628)
	at org.testng.SuiteRunner.runTest(SuiteRunner.java:359)
	at org.testng.SuiteRunner.runSequentially(SuiteRunner.java:354)
	at org.testng.SuiteRunner.privateRun(SuiteRunner.java:312)
	at org.testng.SuiteRunner.run(SuiteRunner.java:261)
	at org.testng.SuiteRunnerWorker.runSuite(SuiteRunnerWorker.java:52)
	at org.testng.SuiteRunnerWorker.run(SuiteRunnerWorker.java:86)
	at org.testng.TestNG.runSuitesSequentially(TestNG.java:1215)
	at org.testng.TestNG.runSuitesLocally(TestNG.java:1140)
	at org.testng.TestNG.run(TestNG.java:1048)
	at org.testng.TestNG.privateMain(TestNG.java:1355)
	at org.testng.TestNG.main(TestNG.java:1324)
]]>
            </full-stacktrace>
          </exception> <!-- org.openqa.selenium.NoSuchSessionException -->
          <reporter-output>
          </reporter-output>
        </test-method> <!-- closeDriver -->
      </class> <!-- test_fbLogin.TC1_LoginWithInvalidCredential -->
      <class name="test_fbLogin.TC2_LoginWithInvalidPassword">
        <test-method status="PASS" signature="setUp(java.lang.String)[pri:0, instance:test_fbLogin.TC2_LoginWithInvalidPassword@42d3bd8b]" name="setUp" is-config="true" duration-ms="6999" started-at="2018-11-18T12:22:34Z" finished-at="2018-11-18T12:22:41Z">
          <params>
            <param index="0">
              <value>
                <![CDATA[ff]]>
              </value>
            </param>
          </params>
          <reporter-output>
          </reporter-output>
        </test-method> <!-- setUp -->
        <test-method status="FAIL" signature="test_fbLoginWithInvalidPassword()[pri:0, instance:test_fbLogin.TC2_LoginWithInvalidPassword@42d3bd8b]" name="test_fbLoginWithInvalidPassword" duration-ms="465" started-at="2018-11-18T12:22:41Z" finished-at="2018-11-18T12:22:41Z">
          <exception class="org.openqa.selenium.ElementNotInteractableException">
            <message>
              <![CDATA[Element <input id="u_0_3" name="timezone" type="hidden"> could not be scrolled into view
Build info: version: '3.14.0', revision: 'aacccce0', time: '2018-08-02T20:05:20.749Z'
System info: host: 'DESKTOP-D7B0KO9', ip: '192.168.1.27', os.name: 'Windows 10', os.arch: 'amd64', os.version: '10.0', java.version: '1.8.0_172'
Driver info: org.openqa.selenium.firefox.FirefoxDriver
Capabilities {acceptInsecureCerts: true, browserName: firefox, browserVersion: 63.0.3, javascriptEnabled: true, moz:accessibilityChecks: false, moz:geckodriverVersion: 0.23.0, moz:headless: false, moz:processID: 13324, moz:profile: C:\Users\talentTEK\AppData\..., moz:useNonSpecCompliantPointerOrigin: false, moz:webdriverClick: true, pageLoadStrategy: normal, platform: WINDOWS, platformName: WINDOWS, platformVersion: 10.0, rotatable: false, setWindowRect: true, timeouts: {implicit: 0, pageLoad: 300000, script: 30000}, unhandledPromptBehavior: dismiss and notify}
Session ID: 8b6ba4bc-1284-4901-a81c-1636cb6be8e0]]>
            </message>
            <full-stacktrace>
              <![CDATA[org.openqa.selenium.ElementNotInteractableException: Element <input id="u_0_3" name="timezone" type="hidden"> could not be scrolled into view
Build info: version: '3.14.0', revision: 'aacccce0', time: '2018-08-02T20:05:20.749Z'
System info: host: 'DESKTOP-D7B0KO9', ip: '192.168.1.27', os.name: 'Windows 10', os.arch: 'amd64', os.version: '10.0', java.version: '1.8.0_172'
Driver info: org.openqa.selenium.firefox.FirefoxDriver
Capabilities {acceptInsecureCerts: true, browserName: firefox, browserVersion: 63.0.3, javascriptEnabled: true, moz:accessibilityChecks: false, moz:geckodriverVersion: 0.23.0, moz:headless: false, moz:processID: 13324, moz:profile: C:\Users\talentTEK\AppData\..., moz:useNonSpecCompliantPointerOrigin: false, moz:webdriverClick: true, pageLoadStrategy: normal, platform: WINDOWS, platformName: WINDOWS, platformVersion: 10.0, rotatable: false, setWindowRect: true, timeouts: {implicit: 0, pageLoad: 300000, script: 30000}, unhandledPromptBehavior: dismiss and notify}
Session ID: 8b6ba4bc-1284-4901-a81c-1636cb6be8e0
	at sun.reflect.NativeConstructorAccessorImpl.newInstance0(Native Method)
	at sun.reflect.NativeConstructorAccessorImpl.newInstance(Unknown Source)
	at sun.reflect.DelegatingConstructorAccessorImpl.newInstance(Unknown Source)
	at java.lang.reflect.Constructor.newInstance(Unknown Source)
	at org.openqa.selenium.remote.http.W3CHttpResponseCodec.createException(W3CHttpResponseCodec.java:187)
	at org.openqa.selenium.remote.http.W3CHttpResponseCodec.decode(W3CHttpResponseCodec.java:122)
	at org.openqa.selenium.remote.http.W3CHttpResponseCodec.decode(W3CHttpResponseCodec.java:49)
	at org.openqa.selenium.remote.HttpCommandExecutor.execute(HttpCommandExecutor.java:158)
	at org.openqa.selenium.remote.service.DriverCommandExecutor.execute(DriverCommandExecutor.java:83)
	at org.openqa.selenium.remote.RemoteWebDriver.execute(RemoteWebDriver.java:548)
	at org.openqa.selenium.remote.RemoteWebElement.execute(RemoteWebElement.java:276)
	at org.openqa.selenium.remote.RemoteWebElement.click(RemoteWebElement.java:83)
	at utils.SWDFunctions.clickByXpath(SWDFunctions.java:36)
	at test_fbLogin.TC2_LoginWithInvalidPassword.test_fbLoginWithInvalidPassword(TC2_LoginWithInvalidPassword.java:23)
	at sun.reflect.NativeMethodAccessorImpl.invoke0(Native Method)
	at sun.reflect.NativeMethodAccessorImpl.invoke(Unknown Source)
	at sun.reflect.DelegatingMethodAccessorImpl.invoke(Unknown Source)
	at java.lang.reflect.Method.invoke(Unknown Source)
	at org.testng.internal.MethodInvocationHelper.invokeMethod(MethodInvocationHelper.java:85)
	at org.testng.internal.Invoker.invokeMethod(Invoker.java:639)
	at org.testng.internal.Invoker.invokeTestMethod(Invoker.java:816)
	at org.testng.internal.Invoker.invokeTestMethods(Invoker.java:1124)
	at org.testng.internal.TestMethodWorker.invokeTestMethods(TestMethodWorker.java:125)
	at org.testng.internal.TestMethodWorker.run(TestMethodWorker.java:108)
	at org.testng.TestRunner.privateRun(TestRunner.java:774)
	at org.testng.TestRunner.run(TestRunner.java:624)
	at org.testng.SuiteRunner.runTest(SuiteRunner.java:359)
	at org.testng.SuiteRunner.runSequentially(SuiteRunner.java:354)
	at org.testng.SuiteRunner.privateRun(SuiteRunner.java:312)
	at org.testng.SuiteRunner.run(SuiteRunner.java:261)
	at org.testng.SuiteRunnerWorker.runSuite(SuiteRunnerWorker.java:52)
	at org.testng.SuiteRunnerWorker.run(SuiteRunnerWorker.java:86)
	at org.testng.TestNG.runSuitesSequentially(TestNG.java:1215)
	at org.testng.TestNG.runSuitesLocally(TestNG.java:1140)
	at org.testng.TestNG.run(TestNG.java:1048)
	at org.testng.TestNG.privateMain(TestNG.java:1355)
	at org.testng.TestNG.main(TestNG.java:1324)
]]>
            </full-stacktrace>
          </exception> <!-- org.openqa.selenium.ElementNotInteractableException -->
          <reporter-output>
          </reporter-output>
        </test-method> <!-- test_fbLoginWithInvalidPassword -->
        <test-method status="PASS" signature="tearDown()[pri:0, instance:test_fbLogin.TC2_LoginWithInvalidPassword@42d3bd8b]" name="tearDown" is-config="true" duration-ms="1109" started-at="2018-11-18T12:22:41Z" finished-at="2018-11-18T12:22:42Z">
          <reporter-output>
          </reporter-output>
        </test-method> <!-- tearDown -->
      </class> <!-- test_fbLogin.TC2_LoginWithInvalidPassword -->
      <class name="test_fbSignup.CreateFBAccount">
        <test-method status="PASS" signature="setUp(java.lang.String)[pri:0, instance:test_fbSignup.CreateFBAccount@26ba2a48]" name="setUp" is-config="true" duration-ms="6511" started-at="2018-11-18T12:22:42Z" finished-at="2018-11-18T12:22:49Z">
          <params>
            <param index="0">
              <value>
                <![CDATA[ff]]>
              </value>
            </param>
          </params>
          <reporter-output>
          </reporter-output>
        </test-method> <!-- setUp -->
        <test-method status="FAIL" signature="verifyDropdownFuntionlity()[pri:0, instance:test_fbSignup.CreateFBAccount@26ba2a48]" name="verifyDropdownFuntionlity" duration-ms="58" started-at="2018-11-18T12:22:49Z" finished-at="2018-11-18T12:22:49Z">
          <exception class="org.openqa.selenium.InvalidSelectorException">
            <message>
              <![CDATA[Given css selector expression "#" is invalid: InvalidSelectorError: '#' is not a valid selector: "#"
For documentation on this error, please visit: http://seleniumhq.org/exceptions/invalid_selector_exception.html
Build info: version: '3.14.0', revision: 'aacccce0', time: '2018-08-02T20:05:20.749Z'
System info: host: 'DESKTOP-D7B0KO9', ip: '192.168.1.27', os.name: 'Windows 10', os.arch: 'amd64', os.version: '10.0', java.version: '1.8.0_172'
Driver info: org.openqa.selenium.firefox.FirefoxDriver
Capabilities {acceptInsecureCerts: true, browserName: firefox, browserVersion: 63.0.3, javascriptEnabled: true, moz:accessibilityChecks: false, moz:geckodriverVersion: 0.23.0, moz:headless: false, moz:processID: 2716, moz:profile: C:\Users\talentTEK\AppData\..., moz:useNonSpecCompliantPointerOrigin: false, moz:webdriverClick: true, pageLoadStrategy: normal, platform: WINDOWS, platformName: WINDOWS, platformVersion: 10.0, rotatable: false, setWindowRect: true, timeouts: {implicit: 0, pageLoad: 300000, script: 30000}, unhandledPromptBehavior: dismiss and notify}
Session ID: 07252d8a-a892-4fdb-a566-9263a45493e5
*** Element info: {Using=id, value=}]]>
            </message>
            <full-stacktrace>
              <![CDATA[org.openqa.selenium.InvalidSelectorException: Given css selector expression "#" is invalid: InvalidSelectorError: '#' is not a valid selector: "#"
For documentation on this error, please visit: http://seleniumhq.org/exceptions/invalid_selector_exception.html
Build info: version: '3.14.0', revision: 'aacccce0', time: '2018-08-02T20:05:20.749Z'
System info: host: 'DESKTOP-D7B0KO9', ip: '192.168.1.27', os.name: 'Windows 10', os.arch: 'amd64', os.version: '10.0', java.version: '1.8.0_172'
Driver info: org.openqa.selenium.firefox.FirefoxDriver
Capabilities {acceptInsecureCerts: true, browserName: firefox, browserVersion: 63.0.3, javascriptEnabled: true, moz:accessibilityChecks: false, moz:geckodriverVersion: 0.23.0, moz:headless: false, moz:processID: 2716, moz:profile: C:\Users\talentTEK\AppData\..., moz:useNonSpecCompliantPointerOrigin: false, moz:webdriverClick: true, pageLoadStrategy: normal, platform: WINDOWS, platformName: WINDOWS, platformVersion: 10.0, rotatable: false, setWindowRect: true, timeouts: {implicit: 0, pageLoad: 300000, script: 30000}, unhandledPromptBehavior: dismiss and notify}
Session ID: 07252d8a-a892-4fdb-a566-9263a45493e5
*** Element info: {Using=id, value=}
	at sun.reflect.NativeConstructorAccessorImpl.newInstance0(Native Method)
	at sun.reflect.NativeConstructorAccessorImpl.newInstance(Unknown Source)
	at sun.reflect.DelegatingConstructorAccessorImpl.newInstance(Unknown Source)
	at java.lang.reflect.Constructor.newInstance(Unknown Source)
	at org.openqa.selenium.remote.http.W3CHttpResponseCodec.createException(W3CHttpResponseCodec.java:187)
	at org.openqa.selenium.remote.http.W3CHttpResponseCodec.decode(W3CHttpResponseCodec.java:122)
	at org.openqa.selenium.remote.http.W3CHttpResponseCodec.decode(W3CHttpResponseCodec.java:49)
	at org.openqa.selenium.remote.HttpCommandExecutor.execute(HttpCommandExecutor.java:158)
	at org.openqa.selenium.remote.service.DriverCommandExecutor.execute(DriverCommandExecutor.java:83)
	at org.openqa.selenium.remote.RemoteWebDriver.execute(RemoteWebDriver.java:548)
	at org.openqa.selenium.remote.RemoteWebDriver.findElement(RemoteWebDriver.java:322)
	at org.openqa.selenium.remote.RemoteWebDriver.findElementById(RemoteWebDriver.java:368)
	at org.openqa.selenium.By$ById.findElement(By.java:188)
	at org.openqa.selenium.remote.RemoteWebDriver.findElement(RemoteWebDriver.java:314)
	at utils.SWDFunctions.dropDownByIdUsingValue(SWDFunctions.java:47)
	at test_fbSignup.CreateFBAccount.verifyDropdownFuntionlity(CreateFBAccount.java:12)
	at sun.reflect.NativeMethodAccessorImpl.invoke0(Native Method)
	at sun.reflect.NativeMethodAccessorImpl.invoke(Unknown Source)
	at sun.reflect.DelegatingMethodAccessorImpl.invoke(Unknown Source)
	at java.lang.reflect.Method.invoke(Unknown Source)
	at org.testng.internal.MethodInvocationHelper.invokeMethod(MethodInvocationHelper.java:85)
	at org.testng.internal.Invoker.invokeMethod(Invoker.java:639)
	at org.testng.internal.Invoker.invokeTestMethod(Invoker.java:816)
	at org.testng.internal.Invoker.invokeTestMethods(Invoker.java:1124)
	at org.testng.internal.TestMethodWorker.invokeTestMethods(TestMethodWorker.java:125)
	at org.testng.internal.TestMethodWorker.run(TestMethodWorker.java:108)
	at org.testng.TestRunner.privateRun(TestRunner.java:774)
	at org.testng.TestRunner.run(TestRunner.java:624)
	at org.testng.SuiteRunner.runTest(SuiteRunner.java:359)
	at org.testng.SuiteRunner.runSequentially(SuiteRunner.java:354)
	at org.testng.SuiteRunner.privateRun(SuiteRunner.java:312)
	at org.testng.SuiteRunner.run(SuiteRunner.java:261)
	at org.testng.SuiteRunnerWorker.runSuite(SuiteRunnerWorker.java:52)
	at org.testng.SuiteRunnerWorker.run(SuiteRunnerWorker.java:86)
	at org.testng.TestNG.runSuitesSequentially(TestNG.java:1215)
	at org.testng.TestNG.runSuitesLocally(TestNG.java:1140)
	at org.testng.TestNG.run(TestNG.java:1048)
	at org.testng.TestNG.privateMain(TestNG.java:1355)
	at org.testng.TestNG.main(TestNG.java:1324)
]]>
            </full-stacktrace>
          </exception> <!-- org.openqa.selenium.InvalidSelectorException -->
          <reporter-output>
          </reporter-output>
        </test-method> <!-- verifyDropdownFuntionlity -->
        <test-method status="PASS" signature="tearDown()[pri:0, instance:test_fbSignup.CreateFBAccount@26ba2a48]" name="tearDown" is-config="true" duration-ms="1319" started-at="2018-11-18T12:22:49Z" finished-at="2018-11-18T12:22:50Z">
          <reporter-output>
          </reporter-output>
        </test-method> <!-- tearDown -->
      </class> <!-- test_fbSignup.CreateFBAccount -->
      <class name="test_assert.AssertTesting">
        <test-method status="PASS" signature="setUp(java.lang.String)[pri:0, instance:test_assert.AssertTesting@5f2050f6]" name="setUp" is-config="true" duration-ms="6386" started-at="2018-11-18T12:22:50Z" finished-at="2018-11-18T12:22:57Z">
          <params>
            <param index="0">
              <value>
                <![CDATA[ff]]>
              </value>
            </param>
          </params>
          <reporter-output>
          </reporter-output>
        </test-method> <!-- setUp -->
        <test-method status="PASS" signature="testAssertion()[pri:0, instance:test_assert.AssertTesting@5f2050f6]" name="testAssertion" duration-ms="178" started-at="2018-11-18T12:22:57Z" finished-at="2018-11-18T12:22:57Z">
          <reporter-output>
          </reporter-output>
        </test-method> <!-- testAssertion -->
        <test-method status="PASS" signature="tearDown()[pri:0, instance:test_assert.AssertTesting@5f2050f6]" name="tearDown" is-config="true" duration-ms="1297" started-at="2018-11-18T12:22:57Z" finished-at="2018-11-18T12:22:58Z">
          <reporter-output>
          </reporter-output>
        </test-method> <!-- tearDown -->
        <test-method status="PASS" signature="setUp(java.lang.String)[pri:0, instance:test_assert.AssertTesting@5f2050f6]" name="setUp" is-config="true" duration-ms="7054" started-at="2018-11-18T12:22:58Z" finished-at="2018-11-18T12:23:05Z">
          <params>
            <param index="0">
              <value>
                <![CDATA[ff]]>
              </value>
            </param>
          </params>
          <reporter-output>
          </reporter-output>
        </test-method> <!-- setUp -->
        <test-method status="SKIP" signature="testSoftAssert()[pri:0, instance:test_assert.AssertTesting@5f2050f6]" name="testSoftAssert" duration-ms="170" started-at="2018-11-18T12:23:05Z" finished-at="2018-11-18T12:23:05Z">
          <exception class="org.testng.SkipException">
            <message>
              <![CDATA[Skipping it becuase this test case no longer needed: JIRA-1233]]>
            </message>
            <full-stacktrace>
              <![CDATA[org.testng.SkipException: Skipping it becuase this test case no longer needed: JIRA-1233
	at test_assert.AssertTesting.testSoftAssert(AssertTesting.java:46)
	at sun.reflect.NativeMethodAccessorImpl.invoke0(Native Method)
	at sun.reflect.NativeMethodAccessorImpl.invoke(Unknown Source)
	at sun.reflect.DelegatingMethodAccessorImpl.invoke(Unknown Source)
	at java.lang.reflect.Method.invoke(Unknown Source)
	at org.testng.internal.MethodInvocationHelper.invokeMethod(MethodInvocationHelper.java:85)
	at org.testng.internal.Invoker.invokeMethod(Invoker.java:639)
	at org.testng.internal.Invoker.invokeTestMethod(Invoker.java:816)
	at org.testng.internal.Invoker.invokeTestMethods(Invoker.java:1124)
	at org.testng.internal.TestMethodWorker.invokeTestMethods(TestMethodWorker.java:125)
	at org.testng.internal.TestMethodWorker.run(TestMethodWorker.java:108)
	at org.testng.TestRunner.privateRun(TestRunner.java:774)
	at org.testng.TestRunner.run(TestRunner.java:624)
	at org.testng.SuiteRunner.runTest(SuiteRunner.java:359)
	at org.testng.SuiteRunner.runSequentially(SuiteRunner.java:354)
	at org.testng.SuiteRunner.privateRun(SuiteRunner.java:312)
	at org.testng.SuiteRunner.run(SuiteRunner.java:261)
	at org.testng.SuiteRunnerWorker.runSuite(SuiteRunnerWorker.java:52)
	at org.testng.SuiteRunnerWorker.run(SuiteRunnerWorker.java:86)
	at org.testng.TestNG.runSuitesSequentially(TestNG.java:1215)
	at org.testng.TestNG.runSuitesLocally(TestNG.java:1140)
	at org.testng.TestNG.run(TestNG.java:1048)
	at org.testng.TestNG.privateMain(TestNG.java:1355)
	at org.testng.TestNG.main(TestNG.java:1324)
]]>
            </full-stacktrace>
          </exception> <!-- org.testng.SkipException -->
          <reporter-output>
          </reporter-output>
        </test-method> <!-- testSoftAssert -->
        <test-method status="PASS" signature="tearDown()[pri:0, instance:test_assert.AssertTesting@5f2050f6]" name="tearDown" is-config="true" duration-ms="7036" started-at="2018-11-18T12:23:05Z" finished-at="2018-11-18T12:23:12Z">
          <reporter-output>
          </reporter-output>
        </test-method> <!-- tearDown -->
      </class> <!-- test_assert.AssertTesting -->
    </test> <!-- Firefox test -->
    <test name="Internet Exp test" duration-ms="5" started-at="2018-11-18T17:23:13Z" finished-at="2018-11-18T17:23:13Z">
      <class name="test_fbLogin.TC1_LoginWithInvalidCredential">
        <test-method status="PASS" signature="beforeSuite()[pri:0, instance:test_fbLogin.TC1_LoginWithInvalidCredential@17550481]" name="beforeSuite" is-config="true" duration-ms="21" started-at="2018-11-18T12:21:42Z" finished-at="2018-11-18T12:21:42Z">
          <reporter-output>
          </reporter-output>
        </test-method> <!-- beforeSuite -->
        <test-method status="FAIL" signature="setUp(java.lang.String)[pri:0, instance:test_fbLogin.TC1_LoginWithInvalidCredential@17550481]" name="setUp" is-config="true" duration-ms="0" started-at="2018-11-18T12:23:13Z" finished-at="2018-11-18T12:23:13Z">
          <params>
            <param index="0">
              <value>
                <![CDATA[ie]]>
              </value>
            </param>
          </params>
          <exception class="java.lang.NullPointerException">
            <full-stacktrace>
              <![CDATA[java.lang.NullPointerException
	at base.config.setUp(config.java:38)
	at sun.reflect.NativeMethodAccessorImpl.invoke0(Native Method)
	at sun.reflect.NativeMethodAccessorImpl.invoke(Unknown Source)
	at sun.reflect.DelegatingMethodAccessorImpl.invoke(Unknown Source)
	at java.lang.reflect.Method.invoke(Unknown Source)
	at org.testng.internal.MethodInvocationHelper.invokeMethod(MethodInvocationHelper.java:85)
	at org.testng.internal.Invoker.invokeConfigurationMethod(Invoker.java:510)
	at org.testng.internal.Invoker.invokeConfigurations(Invoker.java:211)
	at org.testng.internal.Invoker.invokeMethod(Invoker.java:585)
	at org.testng.internal.Invoker.invokeTestMethod(Invoker.java:816)
	at org.testng.internal.Invoker.invokeTestMethods(Invoker.java:1124)
	at org.testng.internal.TestMethodWorker.invokeTestMethods(TestMethodWorker.java:125)
	at org.testng.internal.TestMethodWorker.run(TestMethodWorker.java:108)
	at org.testng.TestRunner.privateRun(TestRunner.java:774)
	at org.testng.TestRunner.run(TestRunner.java:624)
	at org.testng.SuiteRunner.runTest(SuiteRunner.java:359)
	at org.testng.SuiteRunner.runSequentially(SuiteRunner.java:354)
	at org.testng.SuiteRunner.privateRun(SuiteRunner.java:312)
	at org.testng.SuiteRunner.run(SuiteRunner.java:261)
	at org.testng.SuiteRunnerWorker.runSuite(SuiteRunnerWorker.java:52)
	at org.testng.SuiteRunnerWorker.run(SuiteRunnerWorker.java:86)
	at org.testng.TestNG.runSuitesSequentially(TestNG.java:1215)
	at org.testng.TestNG.runSuitesLocally(TestNG.java:1140)
	at org.testng.TestNG.run(TestNG.java:1048)
	at org.testng.TestNG.privateMain(TestNG.java:1355)
	at org.testng.TestNG.main(TestNG.java:1324)
]]>
            </full-stacktrace>
          </exception> <!-- java.lang.NullPointerException -->
          <reporter-output>
          </reporter-output>
        </test-method> <!-- setUp -->
        <test-method status="SKIP" signature="tearDown()[pri:0, instance:test_fbLogin.TC1_LoginWithInvalidCredential@17550481]" name="tearDown" is-config="true" duration-ms="0" started-at="2018-11-18T12:23:13Z" finished-at="2018-11-18T12:23:13Z">
          <reporter-output>
          </reporter-output>
        </test-method> <!-- tearDown -->
        <test-method status="SKIP" signature="test_fbLoginWithInvalidCredential()[pri:0, instance:test_fbLogin.TC1_LoginWithInvalidCredential@17550481]" name="test_fbLoginWithInvalidCredential" duration-ms="0" started-at="2018-11-18T12:23:13Z" finished-at="2018-11-18T12:23:13Z">
          <reporter-output>
          </reporter-output>
        </test-method> <!-- test_fbLoginWithInvalidCredential -->
        <test-method status="SKIP" signature="closeDriver()[pri:0, instance:test_fbLogin.TC1_LoginWithInvalidCredential@17550481]" name="closeDriver" is-config="true" duration-ms="0" started-at="2018-11-18T12:23:13Z" finished-at="2018-11-18T12:23:13Z">
          <reporter-output>
          </reporter-output>
        </test-method> <!-- closeDriver -->
        <test-method status="SKIP" signature="afterSuite()[pri:0, instance:test_fbLogin.TC1_LoginWithInvalidCredential@17550481]" name="afterSuite" is-config="true" duration-ms="0" started-at="2018-11-18T12:23:13Z" finished-at="2018-11-18T12:23:13Z">
          <reporter-output>
          </reporter-output>
        </test-method> <!-- afterSuite -->
      </class> <!-- test_fbLogin.TC1_LoginWithInvalidCredential -->
      <class name="test_fbLogin.TC2_LoginWithInvalidPassword">
        <test-method status="SKIP" signature="setUp(java.lang.String)[pri:0, instance:test_fbLogin.TC2_LoginWithInvalidPassword@735f7ae5]" name="setUp" is-config="true" duration-ms="0" started-at="2018-11-18T12:23:13Z" finished-at="2018-11-18T12:23:13Z">
          <reporter-output>
          </reporter-output>
        </test-method> <!-- setUp -->
        <test-method status="SKIP" signature="test_fbLoginWithInvalidPassword()[pri:0, instance:test_fbLogin.TC2_LoginWithInvalidPassword@735f7ae5]" name="test_fbLoginWithInvalidPassword" duration-ms="1" started-at="2018-11-18T12:23:13Z" finished-at="2018-11-18T12:23:13Z">
          <reporter-output>
          </reporter-output>
        </test-method> <!-- test_fbLoginWithInvalidPassword -->
        <test-method status="SKIP" signature="tearDown()[pri:0, instance:test_fbLogin.TC2_LoginWithInvalidPassword@735f7ae5]" name="tearDown" is-config="true" duration-ms="0" started-at="2018-11-18T12:23:13Z" finished-at="2018-11-18T12:23:13Z">
          <reporter-output>
          </reporter-output>
        </test-method> <!-- tearDown -->
      </class> <!-- test_fbLogin.TC2_LoginWithInvalidPassword -->
      <class name="test_fbSignup.CreateFBAccount">
        <test-method status="SKIP" signature="setUp(java.lang.String)[pri:0, instance:test_fbSignup.CreateFBAccount@180bc464]" name="setUp" is-config="true" duration-ms="0" started-at="2018-11-18T12:23:13Z" finished-at="2018-11-18T12:23:13Z">
          <reporter-output>
          </reporter-output>
        </test-method> <!-- setUp -->
        <test-method status="SKIP" signature="tearDown()[pri:0, instance:test_fbSignup.CreateFBAccount@180bc464]" name="tearDown" is-config="true" duration-ms="0" started-at="2018-11-18T12:23:13Z" finished-at="2018-11-18T12:23:13Z">
          <reporter-output>
          </reporter-output>
        </test-method> <!-- tearDown -->
        <test-method status="SKIP" signature="verifyDropdownFuntionlity()[pri:0, instance:test_fbSignup.CreateFBAccount@180bc464]" name="verifyDropdownFuntionlity" duration-ms="0" started-at="2018-11-18T12:23:13Z" finished-at="2018-11-18T12:23:13Z">
          <reporter-output>
          </reporter-output>
        </test-method> <!-- verifyDropdownFuntionlity -->
      </class> <!-- test_fbSignup.CreateFBAccount -->
      <class name="test_assert.AssertTesting">
        <test-method status="SKIP" signature="testAssertion()[pri:0, instance:test_assert.AssertTesting@1324409e]" name="testAssertion" duration-ms="0" started-at="2018-11-18T12:23:13Z" finished-at="2018-11-18T12:23:13Z">
          <reporter-output>
          </reporter-output>
        </test-method> <!-- testAssertion -->
        <test-method status="SKIP" signature="setUp(java.lang.String)[pri:0, instance:test_assert.AssertTesting@1324409e]" name="setUp" is-config="true" duration-ms="0" started-at="2018-11-18T12:23:13Z" finished-at="2018-11-18T12:23:13Z">
          <reporter-output>
          </reporter-output>
        </test-method> <!-- setUp -->
        <test-method status="SKIP" signature="testSoftAssert()[pri:0, instance:test_assert.AssertTesting@1324409e]" name="testSoftAssert" duration-ms="0" started-at="2018-11-18T12:23:13Z" finished-at="2018-11-18T12:23:13Z">
          <reporter-output>
          </reporter-output>
        </test-method> <!-- testSoftAssert -->
        <test-method status="SKIP" signature="setUp(java.lang.String)[pri:0, instance:test_assert.AssertTesting@1324409e]" name="setUp" is-config="true" duration-ms="0" started-at="2018-11-18T12:23:13Z" finished-at="2018-11-18T12:23:13Z">
          <reporter-output>
          </reporter-output>
        </test-method> <!-- setUp -->
        <test-method status="SKIP" signature="tearDown()[pri:0, instance:test_assert.AssertTesting@1324409e]" name="tearDown" is-config="true" duration-ms="0" started-at="2018-11-18T12:23:13Z" finished-at="2018-11-18T12:23:13Z">
          <reporter-output>
          </reporter-output>
        </test-method> <!-- tearDown -->
        <test-method status="SKIP" signature="tearDown()[pri:0, instance:test_assert.AssertTesting@1324409e]" name="tearDown" is-config="true" duration-ms="0" started-at="2018-11-18T12:23:13Z" finished-at="2018-11-18T12:23:13Z">
          <reporter-output>
          </reporter-output>
        </test-method> <!-- tearDown -->
      </class> <!-- test_assert.AssertTesting -->
    </test> <!-- Internet Exp test -->
  </suite> <!-- RegressionSuite -->
</testng-results>
